<?xml version="1.0" encoding="UTF-8"?>
<!-- Generated by org.testng.reporters.JUnitXMLReporter -->
<testsuite hostname="TQL5625G" ignored="0" name="Test" tests="4" failures="2" timestamp="11 jun 2018 21:32:49 GMT" time="36.216" errors="0">
  <testcase name="titlePageTest" time="0.022" classname="com.magento.test.HomePageTest">
    <failure type="java.lang.AssertionError" message="Title not matched expected [THIS IS DEMO SITE] but found [Home page]">
      <![CDATA[java.lang.AssertionError: Title not matched expected [THIS IS DEMO SITE] but found [Home page]
at com.magento.test.HomePageTest.titlePageTest(HomePageTest.java:30)
... Removed 30 stack frames]]>
    </failure>
  </testcase> <!-- titlePageTest -->
  <testcase name="verifyMobileLinkTest" time="0.668" classname="com.magento.test.HomePageTest"/>
  <testcase name="pageTitleTest" time="0.014" classname="com.magento.test.MobilePageTest">
    <failure type="java.lang.AssertionError" message="Title not matched on Mobile Page expected [MOBILE] but found [Mobile]">
      <![CDATA[java.lang.AssertionError: Title not matched on Mobile Page expected [MOBILE] but found [Mobile]
at com.magento.test.MobilePageTest.pageTitleTest(MobilePageTest.java:34)
... Removed 30 stack frames]]>
    </failure>
  </testcase> <!-- pageTitleTest -->
  <testcase name="checkOrderByNameTest" time="0.53" classname="com.magento.test.MobilePageTest"/>
</testsuite> <!-- Test -->
